#
# There is insufficient memory for the Java Runtime Environment to continue.
# Native memory allocation (mmap) failed to map 201326592 bytes for Failed to commit area from 0x0000000741800000 to 0x000000074d800000 of length 201326592.
# Possible reasons:
#   The system is out of physical RAM or swap space
#   The process is running with CompressedOops enabled, and the Java Heap may be blocking the growth of the native heap
# Possible solutions:
#   Reduce memory load on the system
#   Increase physical memory or swap space
#   Check if swap backing store is full
#   Decrease Java heap size (-Xmx/-Xms)
#   Decrease number of Java threads
#   Decrease Java thread stack sizes (-Xss)
#   Set larger code cache with -XX:ReservedCodeCacheSize=
# This output file may be truncated or incomplete.
#
#  Out of Memory Error (./src/hotspot/os/windows/os_windows.cpp:3301), pid=11304, tid=11084
#
# JRE version:  (11.0.11+9) (build )
# Java VM: OpenJDK 64-Bit Server VM (11.0.11+9-b60-7590822, mixed mode, sharing, tiered, compressed oops, g1 gc, windows-amd64)
# No core dump will be written. Minidumps are not enabled by default on client versions of Windows
#

---------------  S U M M A R Y ------------

Command Line: org.jetbrains.kotlin.cli.jvm.K2JVMCompiler @C:\Users\slava\desktop\SimpleCalculator\app\build\20220414_9935041654746839090.compiler.options

Host: Intel(R) Core(TM) i7-6700HQ CPU @ 2.60GHz, 8 cores, 11G,  Windows 10 , 64 bit Build 19041 (10.0.19041.1566)
Time: Thu Apr 14 20:47:24 2022 RTZ 2 (зима) elapsed time: 0.032318 seconds (0d 0h 0m 0s)

---------------  T H R E A D  ---------------

Current thread (0x000001fec153c800):  JavaThread "Unknown thread" [_thread_in_vm, id=11084, stack(0x0000001e26300000,0x0000001e26400000)]

Stack: [0x0000001e26300000,0x0000001e26400000]
Native frames: (J=compiled Java code, j=interpreted, Vv=VM code, C=native code)
V  [jvm.dll+0x5f214a]
V  [jvm.dll+0x726fb5]
V  [jvm.dll+0x7285cd]
V  [jvm.dll+0x728c83]
V  [jvm.dll+0x243278]
V  [jvm.dll+0x5ef544]
V  [jvm.dll+0x5e4495]
V  [jvm.dll+0x2fec5b]
V  [jvm.dll+0x2febca]
V  [jvm.dll+0x2feaa2]
V  [jvm.dll+0x303986]
V  [jvm.dll+0x34c3a3]
V  [jvm.dll+0x34caa6]
V  [jvm.dll+0x34c4a3]
V  [jvm.dll+0x2d9688]
V  [jvm.dll+0x2da837]
V  [jvm.dll+0x705ba7]
V  [jvm.dll+0x70739c]
V  [jvm.dll+0x3598f9]
V  [jvm.dll+0x6e931e]
V  [jvm.dll+0x3c1c43]
V  [jvm.dll+0x3c3e81]
C  [jli.dll+0x5373]
C  [ucrtbase.dll+0x21bb2]
C  [KERNEL32.DLL+0x17034]
C  [ntdll.dll+0x52651]


---------------  P R O C E S S  ---------------

Threads class SMR info:
_java_thread_list=0x000001febf4a4650, length=0, elements={
}

Java Threads: ( => current thread )

Other Threads:
  0x000001fec1554800 GCTaskThread "GC Thread#0" [stack: 0x0000001e26400000,0x0000001e26500000] [id=11420]
  0x000001fec159b000 ConcurrentGCThread "G1 Main Marker" [stack: 0x0000001e26500000,0x0000001e26600000] [id=10288]
  0x000001fec159d800 ConcurrentGCThread "G1 Conc#0" [stack: 0x0000001e26600000,0x0000001e26700000] [id=14640]

[error occurred during error reporting (printing all threads), id 0xc0000005, EXCEPTION_ACCESS_VIOLATION (0xc0000005) at pc=0x00007ffcd7289c47]

VM state:not at safepoint (not fully initialized)

VM Mutex/Monitor currently owned by a thread:  ([mutex/lock_event])
[0x000001fec1539ed0] Heap_lock - owner thread: 0x000001fec153c800

Heap address: 0x0000000741800000, size: 3048 MB, Compressed Oops mode: Non-zero based: 0x0000000741800000
Narrow klass base: 0x0000000000000000, Narrow klass shift: 0

GC Heap History (0 events):
No events

Deoptimization events (0 events):
No events

Classes redefined (0 events):
No events

Internal exceptions (0 events):
No events

Events (1 events):
Event: 0.022 Loaded shared library C:\Program Files\Android\Android Studio\jre\bin\zip.dll


Dynamic libraries:
0x00007ff646240000 - 0x00007ff64624a000 	C:\Program Files\Android\Android Studio\jre\bin\java.exe
0x00007ffd1f8f0000 - 0x00007ffd1fae5000 	C:\WINDOWS\SYSTEM32\ntdll.dll
0x00007ffd1ef80000 - 0x00007ffd1f03e000 	C:\WINDOWS\System32\KERNEL32.DLL
0x00007ffd1d060000 - 0x00007ffd1d328000 	C:\WINDOWS\System32\KERNELBASE.dll
0x00007ffd1d660000 - 0x00007ffd1d760000 	C:\WINDOWS\System32\ucrtbase.dll
0x00007ffd08ad0000 - 0x00007ffd08ae7000 	C:\Program Files\Android\Android Studio\jre\bin\VCRUNTIME140.dll
0x00007ffd08d70000 - 0x00007ffd08d89000 	C:\Program Files\Android\Android Studio\jre\bin\jli.dll
0x00007ffd1e560000 - 0x00007ffd1e700000 	C:\WINDOWS\System32\USER32.dll
0x00007ffd1d760000 - 0x00007ffd1d782000 	C:\WINDOWS\System32\win32u.dll
0x00007ffd1f470000 - 0x00007ffd1f49b000 	C:\WINDOWS\System32\GDI32.dll
0x00007ffd1d790000 - 0x00007ffd1d89b000 	C:\WINDOWS\System32\gdi32full.dll
0x00007ffd1d330000 - 0x00007ffd1d3cd000 	C:\WINDOWS\System32\msvcp_win.dll
0x00007ffd13ae0000 - 0x00007ffd13d7a000 	C:\WINDOWS\WinSxS\amd64_microsoft.windows.common-controls_6595b64144ccf1df_6.0.19041.1110_none_60b5254171f9507e\COMCTL32.dll
0x00007ffd1da30000 - 0x00007ffd1dace000 	C:\WINDOWS\System32\msvcrt.dll
0x00007ffd1f040000 - 0x00007ffd1f070000 	C:\WINDOWS\System32\IMM32.DLL
0x00007ffcec120000 - 0x00007ffcec1bd000 	C:\Program Files\Android\Android Studio\jre\bin\msvcp140.dll
0x00007ffcd6fa0000 - 0x00007ffcd7a75000 	C:\Program Files\Android\Android Studio\jre\bin\server\jvm.dll
0x00007ffd1e4b0000 - 0x00007ffd1e55e000 	C:\WINDOWS\System32\ADVAPI32.dll
0x00007ffd1e9f0000 - 0x00007ffd1ea8c000 	C:\WINDOWS\System32\sechost.dll
0x00007ffd1dad0000 - 0x00007ffd1dbf5000 	C:\WINDOWS\System32\RPCRT4.dll
0x00007ffd1f3d0000 - 0x00007ffd1f3d8000 	C:\WINDOWS\System32\PSAPI.DLL
0x00007ffd162f0000 - 0x00007ffd162fa000 	C:\WINDOWS\SYSTEM32\VERSION.dll
0x00007ffd08f40000 - 0x00007ffd08f49000 	C:\WINDOWS\SYSTEM32\WSOCK32.dll
0x00007ffd0b9a0000 - 0x00007ffd0b9c7000 	C:\WINDOWS\SYSTEM32\WINMM.dll
0x00007ffd1f300000 - 0x00007ffd1f36b000 	C:\WINDOWS\System32\WS2_32.dll
0x00007ffd1b890000 - 0x00007ffd1b8a2000 	C:\WINDOWS\SYSTEM32\kernel.appcore.dll
0x00007ffd15600000 - 0x00007ffd15611000 	C:\Program Files\Android\Android Studio\jre\bin\verify.dll
0x00007ffd1adf0000 - 0x00007ffd1afd4000 	C:\WINDOWS\SYSTEM32\DBGHELP.DLL
0x00007ffd07810000 - 0x00007ffd0783c000 	C:\WINDOWS\SYSTEM32\dbgcore.DLL
0x00007ffd1d470000 - 0x00007ffd1d4f2000 	C:\WINDOWS\System32\bcryptPrimitives.dll
0x00007ffd152e0000 - 0x00007ffd15309000 	C:\Program Files\Android\Android Studio\jre\bin\java.dll
0x00007ffd152d0000 - 0x00007ffd152db000 	C:\Program Files\Android\Android Studio\jre\bin\jimage.dll
0x00007ffd152b0000 - 0x00007ffd152c8000 	C:\Program Files\Android\Android Studio\jre\bin\zip.dll

dbghelp: loaded successfully - version: 4.0.5 - missing functions: none
symbol engine: initialized successfully - sym options: 0x614 - pdb path: .;C:\Program Files\Android\Android Studio\jre\bin;C:\WINDOWS\SYSTEM32;C:\WINDOWS\WinSxS\amd64_microsoft.windows.common-controls_6595b64144ccf1df_6.0.19041.1110_none_60b5254171f9507e;C:\Program Files\Android\Android Studio\jre\bin\server

VM Arguments:
java_command: org.jetbrains.kotlin.cli.jvm.K2JVMCompiler @C:\Users\slava\desktop\SimpleCalculator\app\build\20220414_9935041654746839090.compiler.options
java_class_path (initial): C:\Users\slava\.gradle\caches\modules-2\files-2.1\org.jetbrains.kotlin\kotlin-compiler-embeddable\1.6.10\88f2073f4020cdb83132cfe940ceb9a60aba54ea\kotlin-compiler-embeddable-1.6.10.jar;C:\Users\slava\.gradle\caches\modules-2\files-2.1\org.jetbrains.kotlin\kotlin-reflect\1.6.10\1cbe9c92c12a94eea200d23c2bbaedaf3daf5132\kotlin-reflect-1.6.10.jar;C:\Users\slava\.gradle\caches\modules-2\files-2.1\org.jetbrains.kotlin\kotlin-stdlib\1.6.10\b8af3fe6f1ca88526914929add63cf5e7c5049af\kotlin-stdlib-1.6.10.jar;C:\Users\slava\.gradle\caches\modules-2\files-2.1\org.jetbrains.kotlin\kotlin-script-runtime\1.6.10\d0a7ff2e2500ef497ed0214ae40ad3c8387a6164\kotlin-script-runtime-1.6.10.jar;C:\Users\slava\.gradle\caches\modules-2\files-2.1\org.jetbrains.kotlin\kotlin-daemon-embeddable\1.6.10\a56d79bcbea411fa6058e4ecffc2de73e742bd2a\kotlin-daemon-embeddable-1.6.10.jar;C:\Users\slava\.gradle\caches\modules-2\files-2.1\org.jetbrains.intellij.deps\trove4j\1.0.20181211\216c2e14b070f334479d800987affe4054cd563f\trove4j-1.0.20181211.jar;C:\Users\slava\.gradle\caches\modules-2\files-2.1\net.java.dev.jna\jna\5.6.0\330f2244e9030119ab3030fc3fededc86713d9cc\jna-5.6.0.jar;C:\Users\slava\.gradle\caches\modules-2\files-2.1\org.jetbrains\annotations\13.0\919f0dfe192fb4e063e7dacadee7f8bb9a2672a9\annotations-13.0.jar;C:\Users\slava\.gradle\caches\modules-2\files-2.1\org.jetbrains.kotlin\kotlin-stdlib-common\1.6.10\c118700e3a33c8a0d9adc920e9dec0831171925\kotlin-stdlib-common-1.6.10.jar
Launcher Type: SUN_STANDARD

[Global flags]
     intx CICompilerCount                          = 4                                         {product} {ergonomic}
     uint ConcGCThreads                            = 2                                         {product} {ergonomic}
     uint G1ConcRefinementThreads                  = 8                                         {product} {ergonomic}
   size_t G1HeapRegionSize                         = 1048576                                   {product} {ergonomic}
    uintx GCDrainStackTargetSize                   = 64                                        {product} {ergonomic}
   size_t InitialHeapSize                          = 201326592                                 {product} {ergonomic}
   size_t MarkStackSize                            = 4194304                                   {product} {ergonomic}
   size_t MaxHeapSize                              = 3196059648                                {product} {ergonomic}
   size_t MinHeapDeltaBytes                        = 1048576                                   {product} {ergonomic}
    uintx NonNMethodCodeHeapSize                   = 5836300                                {pd product} {ergonomic}
    uintx NonProfiledCodeHeapSize                  = 122910970                              {pd product} {ergonomic}
    uintx ProfiledCodeHeapSize                     = 122910970                              {pd product} {ergonomic}
    uintx ReservedCodeCacheSize                    = 251658240                              {pd product} {ergonomic}
     bool SegmentedCodeCache                       = true                                      {product} {ergonomic}
     bool UseCompressedClassPointers               = true                                 {lp64_product} {ergonomic}
     bool UseCompressedOops                        = true                                 {lp64_product} {ergonomic}
     bool UseG1GC                                  = true                                      {product} {ergonomic}
     bool UseLargePagesIndividualAllocation        = false                                  {pd product} {ergonomic}

Logging:
Log output configuration:
 #0: stdout all=warning uptime,level,tags
 #1: stderr all=off uptime,level,tags

Environment Variables:
PATH=C:\Program Files\Python310\Scripts\;C:\Program Files\Python310\;C:\Program Files (x86)\Intel\iCLS Client\;C:\Program Files\Intel\iCLS Client\;C:\Windows\system32;C:\Windows;C:\Windows\System32\Wbem;C:\Windows\System32\WindowsPowerShell\v1.0\;C:\Program Files (x86)\Intel\Intel(R) Management Engine Components\DAL;C:\Program Files\Intel\Intel(R) Management Engine Components\DAL;C:\Program Files (x86)\Intel\Intel(R) Management Engine Components\IPT;C:\Program Files\Intel\Intel(R) Management Engine Components\IPT;C:\Program Files (x86)\NVIDIA Corporation\PhysX\Common;C:\Program Files\Intel\WiFi\bin\;C:\Program Files\Common Files\Intel\WirelessCommon\;C:\WINDOWS\system32;C:\WINDOWS;C:\WINDOWS\System32\Wbem;C:\WINDOWS\System32\WindowsPowerShell\v1.0\;C:\WINDOWS\System32\OpenSSH\;C:\Program Files (x86)\Common Files\Acronis\VirtualFile\;C:\Program Files (x86)\Common Files\Acronis\VirtualFile64\;C:\Program Files (x86)\Common Files\Acronis\FileProtector\;C:\Program Files (x86)\Common Files\Acronis\FileProtector64\;C:\Program Files (x86)\Common Files\Acronis\SnapAPI\;C:\Program Files\Git\cmd;C:\Users\slava\.jdks\openjdk-15\bin;C:\Users\slava\.jdks\javafx-sdk-16\bin;C:\Program Files\Java\jdk-16.0.1\bin;C:\Users\slava\AppData\Local\Microsoft\WindowsApps;%PyCharm%;%WebStorm%;%IntelliJ IDEA%;C:\Users\slava\AppData\Local\FACEITApp\bin;%IntelliJ IDEA Community Edition%;C:\Program Files\JetBrains\PyCharm Community Edition 2021.3.3\bin
USERNAME=slava
OS=Windows_NT
PROCESSOR_IDENTIFIER=Intel64 Family 6 Model 94 Stepping 3, GenuineIntel



---------------  S Y S T E M  ---------------

OS: Windows 10 , 64 bit Build 19041 (10.0.19041.1566)
OS uptime: 6 days 4:47 hours

CPU:total 8 (initial active 8) (4 cores per cpu, 2 threads per core) family 6 model 94 stepping 3 microcode 0xcc, cmov, cx8, fxsr, mmx, sse, sse2, sse3, ssse3, sse4.1, sse4.2, popcnt, avx, avx2, aes, clmul, erms, rtm, 3dnowpref, lzcnt, ht, tsc, tscinvbit, bmi1, bmi2, adx, fma

Memory: 4k page, system-wide physical 12186M (739M free)
TotalPageFile size 12186M (AvailPageFile size 156M)
current process WorkingSet (physical memory assigned to process): 10M, peak: 10M
current process commit charge ("private bytes"): 60M, peak: 252M

vm_info: OpenJDK 64-Bit Server VM (11.0.11+9-b60-7590822) for windows-amd64 JRE (11.0.11+9-b60-7590822), built on Jul 29 2021 21:43:44 by "builder" with MS VC++ 14.0 (VS2015)

END.
