#
# There is insufficient memory for the Java Runtime Environment to continue.
# Native memory allocation (malloc) failed to allocate 255936 bytes for Chunk::new
# Possible reasons:
#   The system is out of physical RAM or swap space
#   The process is running with CompressedOops enabled, and the Java Heap may be blocking the growth of the native heap
# Possible solutions:
#   Reduce memory load on the system
#   Increase physical memory or swap space
#   Check if swap backing store is full
#   Decrease Java heap size (-Xmx/-Xms)
#   Decrease number of Java threads
#   Decrease Java thread stack sizes (-Xss)
#   Set larger code cache with -XX:ReservedCodeCacheSize=
#   JVM is running with Zero Based Compressed Oops mode in which the Java heap is
#     placed in the first 32GB address space. The Java Heap base address is the
#     maximum limit for the native heap growth. Please use -XX:HeapBaseMinAddress
#     to set the Java Heap base and to place the Java Heap above 32GB virtual address.
# This output file may be truncated or incomplete.
#
#  Out of Memory Error (./src/hotspot/share/memory/arena.cpp:197), pid=10156, tid=13652
#
# JRE version: OpenJDK Runtime Environment (11.0.11+9) (build 11.0.11+9-b60-7590822)
# Java VM: OpenJDK 64-Bit Server VM (11.0.11+9-b60-7590822, mixed mode, tiered, compressed oops, g1 gc, windows-amd64)
# No core dump will be written. Minidumps are not enabled by default on client versions of Windows
#

---------------  S U M M A R Y ------------

Command Line: org.jetbrains.kotlin.cli.jvm.K2JVMCompiler @C:\Users\slava\desktop\SimpleCalculator\app\build\20220421_793712310348297987.compiler.options

Host: Intel(R) Core(TM) i7-6700HQ CPU @ 2.60GHz, 8 cores, 11G,  Windows 10 , 64 bit Build 19041 (10.0.19041.1645)
Time: Thu Apr 21 20:54:17 2022 RTZ 2 (зима) elapsed time: 2.594609 seconds (0d 0h 0m 2s)

---------------  T H R E A D  ---------------

Current thread (0x0000023c6e344800):  JavaThread "C2 CompilerThread0" daemon [_thread_in_native, id=13652, stack(0x00000054b1c00000,0x00000054b1d00000)]


Current CompileTask:
C2:   2594 1657   !   4       java.util.zip.InflaterInputStream::read (138 bytes)

Stack: [0x00000054b1c00000,0x00000054b1d00000]
Native frames: (J=compiled Java code, j=interpreted, Vv=VM code, C=native code)
V  [jvm.dll+0x5f214a]
V  [jvm.dll+0x726fb5]
V  [jvm.dll+0x7285cd]
V  [jvm.dll+0x728c83]
V  [jvm.dll+0x243278]
V  [jvm.dll+0xbc53c]
V  [jvm.dll+0xbca3c]
V  [jvm.dll+0x2b5c34]
V  [jvm.dll+0x508488]
V  [jvm.dll+0x203d53]
V  [jvm.dll+0x1fdbac]
V  [jvm.dll+0x1fb35f]
V  [jvm.dll+0x183d6c]
V  [jvm.dll+0x209a57]
V  [jvm.dll+0x2082a1]
V  [jvm.dll+0x6ef58f]
V  [jvm.dll+0x6e80b5]
V  [jvm.dll+0x5f1036]
C  [ucrtbase.dll+0x21bb2]
C  [KERNEL32.DLL+0x17034]
C  [ntdll.dll+0x52651]


---------------  P R O C E S S  ---------------

Threads class SMR info:
_java_thread_list=0x0000023c6f9d6ec0, length=10, elements={
0x0000023c5089c000, 0x0000023c6e2b3000, 0x0000023c6e2d8800, 0x0000023c6e332000,
0x0000023c6e333000, 0x0000023c6e334000, 0x0000023c6e344800, 0x0000023c6e347000,
0x0000023c6e392800, 0x0000023c6e4a4000
}

Java Threads: ( => current thread )
  0x0000023c5089c000 JavaThread "main" [_thread_in_Java, id=11364, stack(0x00000054b1000000,0x00000054b1100000)]
  0x0000023c6e2b3000 JavaThread "Reference Handler" daemon [_thread_blocked, id=15676, stack(0x00000054b1700000,0x00000054b1800000)]
  0x0000023c6e2d8800 JavaThread "Finalizer" daemon [_thread_blocked, id=12028, stack(0x00000054b1800000,0x00000054b1900000)]
  0x0000023c6e332000 JavaThread "Signal Dispatcher" daemon [_thread_blocked, id=14848, stack(0x00000054b1900000,0x00000054b1a00000)]
  0x0000023c6e333000 JavaThread "Attach Listener" daemon [_thread_blocked, id=8072, stack(0x00000054b1a00000,0x00000054b1b00000)]
  0x0000023c6e334000 JavaThread "Service Thread" daemon [_thread_blocked, id=10824, stack(0x00000054b1b00000,0x00000054b1c00000)]
=>0x0000023c6e344800 JavaThread "C2 CompilerThread0" daemon [_thread_in_native, id=13652, stack(0x00000054b1c00000,0x00000054b1d00000)]
  0x0000023c6e347000 JavaThread "C1 CompilerThread0" daemon [_thread_in_native, id=11328, stack(0x00000054b1d00000,0x00000054b1e00000)]
  0x0000023c6e392800 JavaThread "Sweeper thread" daemon [_thread_blocked, id=6852, stack(0x00000054b1e00000,0x00000054b1f00000)]
  0x0000023c6e4a4000 JavaThread "Common-Cleaner" daemon [_thread_blocked, id=12312, stack(0x00000054b2000000,0x00000054b2100000)]

Other Threads:
  0x0000023c6e2b0800 VMThread "VM Thread" [stack: 0x00000054b1600000,0x00000054b1700000] [id=15236]
  0x0000023c6e4a0000 WatcherThread [stack: 0x00000054b1f00000,0x00000054b2000000] [id=11860]
  0x0000023c508b3800 GCTaskThread "GC Thread#0" [stack: 0x00000054b1100000,0x00000054b1200000] [id=1716]
  0x0000023c6ec2c000 GCTaskThread "GC Thread#1" [stack: 0x00000054b2200000,0x00000054b2300000] [id=6736]
  0x0000023c6ebf9000 GCTaskThread "GC Thread#2" [stack: 0x00000054b2300000,0x00000054b2400000] [id=4852]
  0x0000023c6ebfa000 GCTaskThread "GC Thread#3" [stack: 0x00000054b2400000,0x00000054b2500000] [id=4272]
  0x0000023c508f9800 ConcurrentGCThread "G1 Main Marker" [stack: 0x00000054b1200000,0x00000054b1300000] [id=10008]
  0x0000023c508fb000 ConcurrentGCThread "G1 Conc#0" [stack: 0x00000054b1300000,0x00000054b1400000] [id=11452]
  0x0000023c6fa53800 ConcurrentGCThread "G1 Conc#1" [stack: 0x00000054b2100000,0x00000054b2200000] [id=5204]
  0x0000023c6d90d000 ConcurrentGCThread "G1 Refine#0" [stack: 0x00000054b1400000,0x00000054b1500000] [id=15932]
  0x0000023c6d90d800 ConcurrentGCThread "G1 Young RemSet Sampling" [stack: 0x00000054b1500000,0x00000054b1600000] [id=14960]

Threads with active compile tasks:
C2 CompilerThread0   2643 1657   !   4       java.util.zip.InflaterInputStream::read (138 bytes)
C1 CompilerThread0   2643 1664       3       java.io.DataOutputStream::writeUTF (435 bytes)

VM state:not at safepoint (normal execution)

VM Mutex/Monitor currently owned by a thread:  ([mutex/lock_event])
[0x0000023c50898e60] AdapterHandlerLibrary_lock - owner thread: 0x0000000000000000

Heap address: 0x0000000741800000, size: 3048 MB, Compressed Oops mode: Zero based, Oop shift amount: 3
Narrow klass base: 0x0000000800000000, Narrow klass shift: 0
Compressed class space size: 1073741824 Address: 0x0000000800000000

Heap:
 garbage-first heap   total 196608K, used 12190K [0x0000000741800000, 0x0000000800000000)
  region size 1024K, 10 young (10240K), 6 survivors (6144K)
 Metaspace       used 22100K, capacity 22297K, committed 22448K, reserved 1075200K
  class space    used 2389K, capacity 2483K, committed 2560K, reserved 1048576K
Heap Regions: E=young(eden), S=young(survivor), O=old, HS=humongous(starts), HC=humongous(continues), CS=collection set, F=free, A=archive, TAMS=top-at-mark-start (previous, next)
|   0|0x0000000741800000, 0x0000000741900000, 0x0000000741900000|100%|HS|  |TAMS 0x0000000741900000, 0x0000000741800000| Complete 
|   1|0x0000000741900000, 0x0000000741a00000, 0x0000000741a00000|100%|HC|  |TAMS 0x0000000741a00000, 0x0000000741900000| Complete 
|   2|0x0000000741a00000, 0x0000000741b00000, 0x0000000741b00000|100%|HC|  |TAMS 0x0000000741b00000, 0x0000000741a00000| Complete 
|   3|0x0000000741b00000, 0x0000000741b00000, 0x0000000741c00000|  0%| F|  |TAMS 0x0000000741b00000, 0x0000000741b00000| Untracked 
|   4|0x0000000741c00000, 0x0000000741c00000, 0x0000000741d00000|  0%| F|  |TAMS 0x0000000741c00000, 0x0000000741c00000| Untracked 
|   5|0x0000000741d00000, 0x0000000741d00000, 0x0000000741e00000|  0%| F|  |TAMS 0x0000000741d00000, 0x0000000741d00000| Untracked 
|   6|0x0000000741e00000, 0x0000000741e00000, 0x0000000741f00000|  0%| F|  |TAMS 0x0000000741e00000, 0x0000000741e00000| Untracked 
|   7|0x0000000741f00000, 0x0000000741f00000, 0x0000000742000000|  0%| F|  |TAMS 0x0000000741f00000, 0x0000000741f00000| Untracked 
|   8|0x0000000742000000, 0x0000000742000000, 0x0000000742100000|  0%| F|  |TAMS 0x0000000742000000, 0x0000000742000000| Untracked 
|   9|0x0000000742100000, 0x0000000742100000, 0x0000000742200000|  0%| F|  |TAMS 0x0000000742100000, 0x0000000742100000| Untracked 
|  10|0x0000000742200000, 0x0000000742200000, 0x0000000742300000|  0%| F|  |TAMS 0x0000000742200000, 0x0000000742200000| Untracked 
|  11|0x0000000742300000, 0x0000000742300000, 0x0000000742400000|  0%| F|  |TAMS 0x0000000742300000, 0x0000000742300000| Untracked 
|  12|0x0000000742400000, 0x0000000742400000, 0x0000000742500000|  0%| F|  |TAMS 0x0000000742400000, 0x0000000742400000| Untracked 
|  13|0x0000000742500000, 0x0000000742500000, 0x0000000742600000|  0%| F|  |TAMS 0x0000000742500000, 0x0000000742500000| Untracked 
|  14|0x0000000742600000, 0x0000000742600000, 0x0000000742700000|  0%| F|  |TAMS 0x0000000742600000, 0x0000000742600000| Untracked 
|  15|0x0000000742700000, 0x0000000742700000, 0x0000000742800000|  0%| F|  |TAMS 0x0000000742700000, 0x0000000742700000| Untracked 
|  16|0x0000000742800000, 0x0000000742800000, 0x0000000742900000|  0%| F|  |TAMS 0x0000000742800000, 0x0000000742800000| Untracked 
|  17|0x0000000742900000, 0x0000000742900000, 0x0000000742a00000|  0%| F|  |TAMS 0x0000000742900000, 0x0000000742900000| Untracked 
|  18|0x0000000742a00000, 0x0000000742a00000, 0x0000000742b00000|  0%| F|  |TAMS 0x0000000742a00000, 0x0000000742a00000| Untracked 
|  19|0x0000000742b00000, 0x0000000742b00000, 0x0000000742c00000|  0%| F|  |TAMS 0x0000000742b00000, 0x0000000742b00000| Untracked 
|  20|0x0000000742c00000, 0x0000000742c00000, 0x0000000742d00000|  0%| F|  |TAMS 0x0000000742c00000, 0x0000000742c00000| Untracked 
|  21|0x0000000742d00000, 0x0000000742d00000, 0x0000000742e00000|  0%| F|  |TAMS 0x0000000742d00000, 0x0000000742d00000| Untracked 
|  22|0x0000000742e00000, 0x0000000742e00000, 0x0000000742f00000|  0%| F|  |TAMS 0x0000000742e00000, 0x0000000742e00000| Untracked 
|  23|0x0000000742f00000, 0x0000000742f00000, 0x0000000743000000|  0%| F|  |TAMS 0x0000000742f00000, 0x0000000742f00000| Untracked 
|  24|0x0000000743000000, 0x0000000743000000, 0x0000000743100000|  0%| F|  |TAMS 0x0000000743000000, 0x0000000743000000| Untracked 
|  25|0x0000000743100000, 0x0000000743100000, 0x0000000743200000|  0%| F|  |TAMS 0x0000000743100000, 0x0000000743100000| Untracked 
|  26|0x0000000743200000, 0x0000000743200000, 0x0000000743300000|  0%| F|  |TAMS 0x0000000743200000, 0x0000000743200000| Untracked 
|  27|0x0000000743300000, 0x0000000743300000, 0x0000000743400000|  0%| F|  |TAMS 0x0000000743300000, 0x0000000743300000| Untracked 
|  28|0x0000000743400000, 0x0000000743400000, 0x0000000743500000|  0%| F|  |TAMS 0x0000000743400000, 0x0000000743400000| Untracked 
|  29|0x0000000743500000, 0x0000000743500000, 0x0000000743600000|  0%| F|  |TAMS 0x0000000743500000, 0x0000000743500000| Untracked 
|  30|0x0000000743600000, 0x0000000743600000, 0x0000000743700000|  0%| F|  |TAMS 0x0000000743600000, 0x0000000743600000| Untracked 
|  31|0x0000000743700000, 0x0000000743700000, 0x0000000743800000|  0%| F|  |TAMS 0x0000000743700000, 0x0000000743700000| Untracked 
|  32|0x0000000743800000, 0x0000000743800000, 0x0000000743900000|  0%| F|  |TAMS 0x0000000743800000, 0x0000000743800000| Untracked 
|  33|0x0000000743900000, 0x0000000743900000, 0x0000000743a00000|  0%| F|  |TAMS 0x0000000743900000, 0x0000000743900000| Untracked 
|  34|0x0000000743a00000, 0x0000000743a00000, 0x0000000743b00000|  0%| F|  |TAMS 0x0000000743a00000, 0x0000000743a00000| Untracked 
|  35|0x0000000743b00000, 0x0000000743b00000, 0x0000000743c00000|  0%| F|  |TAMS 0x0000000743b00000, 0x0000000743b00000| Untracked 
|  36|0x0000000743c00000, 0x0000000743c00000, 0x0000000743d00000|  0%| F|  |TAMS 0x0000000743c00000, 0x0000000743c00000| Untracked 
|  37|0x0000000743d00000, 0x0000000743d00000, 0x0000000743e00000|  0%| F|  |TAMS 0x0000000743d00000, 0x0000000743d00000| Untracked 
|  38|0x0000000743e00000, 0x0000000743e00000, 0x0000000743f00000|  0%| F|  |TAMS 0x0000000743e00000, 0x0000000743e00000| Untracked 
|  39|0x0000000743f00000, 0x0000000743f00000, 0x0000000744000000|  0%| F|  |TAMS 0x0000000743f00000, 0x0000000743f00000| Untracked 
|  40|0x0000000744000000, 0x0000000744000000, 0x0000000744100000|  0%| F|  |TAMS 0x0000000744000000, 0x0000000744000000| Untracked 
|  41|0x0000000744100000, 0x0000000744100000, 0x0000000744200000|  0%| F|  |TAMS 0x0000000744100000, 0x0000000744100000| Untracked 
|  42|0x0000000744200000, 0x0000000744200000, 0x0000000744300000|  0%| F|  |TAMS 0x0000000744200000, 0x0000000744200000| Untracked 
|  43|0x0000000744300000, 0x0000000744300000, 0x0000000744400000|  0%| F|  |TAMS 0x0000000744300000, 0x0000000744300000| Untracked 
|  44|0x0000000744400000, 0x0000000744400000, 0x0000000744500000|  0%| F|  |TAMS 0x0000000744400000, 0x0000000744400000| Untracked 
|  45|0x0000000744500000, 0x0000000744500000, 0x0000000744600000|  0%| F|  |TAMS 0x0000000744500000, 0x0000000744500000| Untracked 
|  46|0x0000000744600000, 0x0000000744600000, 0x0000000744700000|  0%| F|  |TAMS 0x0000000744600000, 0x0000000744600000| Untracked 
|  47|0x0000000744700000, 0x0000000744700000, 0x0000000744800000|  0%| F|  |TAMS 0x0000000744700000, 0x0000000744700000| Untracked 
|  48|0x0000000744800000, 0x0000000744800000, 0x0000000744900000|  0%| F|  |TAMS 0x0000000744800000, 0x0000000744800000| Untracked 
|  49|0x0000000744900000, 0x0000000744900000, 0x0000000744a00000|  0%| F|  |TAMS 0x0000000744900000, 0x0000000744900000| Untracked 
|  50|0x0000000744a00000, 0x0000000744a00000, 0x0000000744b00000|  0%| F|  |TAMS 0x0000000744a00000, 0x0000000744a00000| Untracked 
|  51|0x0000000744b00000, 0x0000000744b00000, 0x0000000744c00000|  0%| F|  |TAMS 0x0000000744b00000, 0x0000000744b00000| Untracked 
|  52|0x0000000744c00000, 0x0000000744c00000, 0x0000000744d00000|  0%| F|  |TAMS 0x0000000744c00000, 0x0000000744c00000| Untracked 
|  53|0x0000000744d00000, 0x0000000744d00000, 0x0000000744e00000|  0%| F|  |TAMS 0x0000000744d00000, 0x0000000744d00000| Untracked 
|  54|0x0000000744e00000, 0x0000000744e00000, 0x0000000744f00000|  0%| F|  |TAMS 0x0000000744e00000, 0x0000000744e00000| Untracked 
|  55|0x0000000744f00000, 0x0000000744f00000, 0x0000000745000000|  0%| F|  |TAMS 0x0000000744f00000, 0x0000000744f00000| Untracked 
|  56|0x0000000745000000, 0x0000000745000000, 0x0000000745100000|  0%| F|  |TAMS 0x0000000745000000, 0x0000000745000000| Untracked 
|  57|0x0000000745100000, 0x0000000745100000, 0x0000000745200000|  0%| F|  |TAMS 0x0000000745100000, 0x0000000745100000| Untracked 
|  58|0x0000000745200000, 0x0000000745200000, 0x0000000745300000|  0%| F|  |TAMS 0x0000000745200000, 0x0000000745200000| Untracked 
|  59|0x0000000745300000, 0x0000000745300000, 0x0000000745400000|  0%| F|  |TAMS 0x0000000745300000, 0x0000000745300000| Untracked 
|  60|0x0000000745400000, 0x0000000745400000, 0x0000000745500000|  0%| F|  |TAMS 0x0000000745400000, 0x0000000745400000| Untracked 
|  61|0x0000000745500000, 0x0000000745500000, 0x0000000745600000|  0%| F|  |TAMS 0x0000000745500000, 0x0000000745500000| Untracked 
|  62|0x0000000745600000, 0x0000000745600000, 0x0000000745700000|  0%| F|  |TAMS 0x0000000745600000, 0x0000000745600000| Untracked 
|  63|0x0000000745700000, 0x0000000745700000, 0x0000000745800000|  0%| F|  |TAMS 0x0000000745700000, 0x0000000745700000| Untracked 
|  64|0x0000000745800000, 0x0000000745800000, 0x0000000745900000|  0%| F|  |TAMS 0x0000000745800000, 0x0000000745800000| Untracked 
|  65|0x0000000745900000, 0x0000000745900000, 0x0000000745a00000|  0%| F|  |TAMS 0x0000000745900000, 0x0000000745900000| Untracked 
|  66|0x0000000745a00000, 0x0000000745a00000, 0x0000000745b00000|  0%| F|  |TAMS 0x0000000745a00000, 0x0000000745a00000| Untracked 
|  67|0x0000000745b00000, 0x0000000745b00000, 0x0000000745c00000|  0%| F|  |TAMS 0x0000000745b00000, 0x0000000745b00000| Untracked 
|  68|0x0000000745c00000, 0x0000000745c00000, 0x0000000745d00000|  0%| F|  |TAMS 0x0000000745c00000, 0x0000000745c00000| Untracked 
|  69|0x0000000745d00000, 0x0000000745d00000, 0x0000000745e00000|  0%| F|  |TAMS 0x0000000745d00000, 0x0000000745d00000| Untracked 
|  70|0x0000000745e00000, 0x0000000745e00000, 0x0000000745f00000|  0%| F|  |TAMS 0x0000000745e00000, 0x0000000745e00000| Untracked 
|  71|0x0000000745f00000, 0x0000000745f00000, 0x0000000746000000|  0%| F|  |TAMS 0x0000000745f00000, 0x0000000745f00000| Untracked 
|  72|0x0000000746000000, 0x0000000746000000, 0x0000000746100000|  0%| F|  |TAMS 0x0000000746000000, 0x0000000746000000| Untracked 
|  73|0x0000000746100000, 0x0000000746100000, 0x0000000746200000|  0%| F|  |TAMS 0x0000000746100000, 0x0000000746100000| Untracked 
|  74|0x0000000746200000, 0x0000000746200000, 0x0000000746300000|  0%| F|  |TAMS 0x0000000746200000, 0x0000000746200000| Untracked 
|  75|0x0000000746300000, 0x0000000746300000, 0x0000000746400000|  0%| F|  |TAMS 0x0000000746300000, 0x0000000746300000| Untracked 
|  76|0x0000000746400000, 0x0000000746400000, 0x0000000746500000|  0%| F|  |TAMS 0x0000000746400000, 0x0000000746400000| Untracked 
|  77|0x0000000746500000, 0x0000000746500000, 0x0000000746600000|  0%| F|  |TAMS 0x0000000746500000, 0x0000000746500000| Untracked 
|  78|0x0000000746600000, 0x0000000746600000, 0x0000000746700000|  0%| F|  |TAMS 0x0000000746600000, 0x0000000746600000| Untracked 
|  79|0x0000000746700000, 0x0000000746700000, 0x0000000746800000|  0%| F|  |TAMS 0x0000000746700000, 0x0000000746700000| Untracked 
|  80|0x0000000746800000, 0x0000000746800000, 0x0000000746900000|  0%| F|  |TAMS 0x0000000746800000, 0x0000000746800000| Untracked 
|  81|0x0000000746900000, 0x0000000746900000, 0x0000000746a00000|  0%| F|  |TAMS 0x0000000746900000, 0x0000000746900000| Untracked 
|  82|0x0000000746a00000, 0x0000000746a00000, 0x0000000746b00000|  0%| F|  |TAMS 0x0000000746a00000, 0x0000000746a00000| Untracked 
|  83|0x0000000746b00000, 0x0000000746b00000, 0x0000000746c00000|  0%| F|  |TAMS 0x0000000746b00000, 0x0000000746b00000| Untracked 
|  84|0x0000000746c00000, 0x0000000746c00000, 0x0000000746d00000|  0%| F|  |TAMS 0x0000000746c00000, 0x0000000746c00000| Untracked 
|  85|0x0000000746d00000, 0x0000000746d00000, 0x0000000746e00000|  0%| F|  |TAMS 0x0000000746d00000, 0x0000000746d00000| Untracked 
|  86|0x0000000746e00000, 0x0000000746e00000, 0x0000000746f00000|  0%| F|  |TAMS 0x0000000746e00000, 0x0000000746e00000| Untracked 
|  87|0x0000000746f00000, 0x0000000746f00000, 0x0000000747000000|  0%| F|  |TAMS 0x0000000746f00000, 0x0000000746f00000| Untracked 
|  88|0x0000000747000000, 0x0000000747000000, 0x0000000747100000|  0%| F|  |TAMS 0x0000000747000000, 0x0000000747000000| Untracked 
|  89|0x0000000747100000, 0x0000000747100000, 0x0000000747200000|  0%| F|  |TAMS 0x0000000747100000, 0x0000000747100000| Untracked 
|  90|0x0000000747200000, 0x0000000747200000, 0x0000000747300000|  0%| F|  |TAMS 0x0000000747200000, 0x0000000747200000| Untracked 
|  91|0x0000000747300000, 0x0000000747300000, 0x0000000747400000|  0%| F|  |TAMS 0x0000000747300000, 0x0000000747300000| Untracked 
|  92|0x0000000747400000, 0x0000000747400000, 0x0000000747500000|  0%| F|  |TAMS 0x0000000747400000, 0x0000000747400000| Untracked 
|  93|0x0000000747500000, 0x0000000747500000, 0x0000000747600000|  0%| F|  |TAMS 0x0000000747500000, 0x0000000747500000| Untracked 
|  94|0x0000000747600000, 0x0000000747600000, 0x0000000747700000|  0%| F|  |TAMS 0x0000000747600000, 0x0000000747600000| Untracked 
|  95|0x0000000747700000, 0x0000000747700000, 0x0000000747800000|  0%| F|  |TAMS 0x0000000747700000, 0x0000000747700000| Untracked 
|  96|0x0000000747800000, 0x0000000747800000, 0x0000000747900000|  0%| F|  |TAMS 0x0000000747800000, 0x0000000747800000| Untracked 
|  97|0x0000000747900000, 0x0000000747900000, 0x0000000747a00000|  0%| F|  |TAMS 0x0000000747900000, 0x0000000747900000| Untracked 
|  98|0x0000000747a00000, 0x0000000747a00000, 0x0000000747b00000|  0%| F|  |TAMS 0x0000000747a00000, 0x0000000747a00000| Untracked 
|  99|0x0000000747b00000, 0x0000000747b00000, 0x0000000747c00000|  0%| F|  |TAMS 0x0000000747b00000, 0x0000000747b00000| Untracked 
| 100|0x0000000747c00000, 0x0000000747c00000, 0x0000000747d00000|  0%| F|  |TAMS 0x0000000747c00000, 0x0000000747c00000| Untracked 
| 101|0x0000000747d00000, 0x0000000747d00000, 0x0000000747e00000|  0%| F|  |TAMS 0x0000000747d00000, 0x0000000747d00000| Untracked 
| 102|0x0000000747e00000, 0x0000000747e00000, 0x0000000747f00000|  0%| F|  |TAMS 0x0000000747e00000, 0x0000000747e00000| Untracked 
| 103|0x0000000747f00000, 0x0000000747f00000, 0x0000000748000000|  0%| F|  |TAMS 0x0000000747f00000, 0x0000000747f00000| Untracked 
| 104|0x0000000748000000, 0x0000000748000000, 0x0000000748100000|  0%| F|  |TAMS 0x0000000748000000, 0x0000000748000000| Untracked 
| 105|0x0000000748100000, 0x0000000748100000, 0x0000000748200000|  0%| F|  |TAMS 0x0000000748100000, 0x0000000748100000| Untracked 
| 106|0x0000000748200000, 0x0000000748200000, 0x0000000748300000|  0%| F|  |TAMS 0x0000000748200000, 0x0000000748200000| Untracked 
| 107|0x0000000748300000, 0x0000000748300000, 0x0000000748400000|  0%| F|  |TAMS 0x0000000748300000, 0x0000000748300000| Untracked 
| 108|0x0000000748400000, 0x0000000748400000, 0x0000000748500000|  0%| F|  |TAMS 0x0000000748400000, 0x0000000748400000| Untracked 
| 109|0x0000000748500000, 0x0000000748500000, 0x0000000748600000|  0%| F|  |TAMS 0x0000000748500000, 0x0000000748500000| Untracked 
| 110|0x0000000748600000, 0x0000000748600000, 0x0000000748700000|  0%| F|  |TAMS 0x0000000748600000, 0x0000000748600000| Untracked 
| 111|0x0000000748700000, 0x0000000748700000, 0x0000000748800000|  0%| F|  |TAMS 0x0000000748700000, 0x0000000748700000| Untracked 
| 112|0x0000000748800000, 0x0000000748800000, 0x0000000748900000|  0%| F|  |TAMS 0x0000000748800000, 0x0000000748800000| Untracked 
| 113|0x0000000748900000, 0x0000000748900000, 0x0000000748a00000|  0%| F|  |TAMS 0x0000000748900000, 0x0000000748900000| Untracked 
| 114|0x0000000748a00000, 0x0000000748a00000, 0x0000000748b00000|  0%| F|  |TAMS 0x0000000748a00000, 0x0000000748a00000| Untracked 
| 115|0x0000000748b00000, 0x0000000748b00000, 0x0000000748c00000|  0%| F|  |TAMS 0x0000000748b00000, 0x0000000748b00000| Untracked 
| 116|0x0000000748c00000, 0x0000000748c00000, 0x0000000748d00000|  0%| F|  |TAMS 0x0000000748c00000, 0x0000000748c00000| Untracked 
| 117|0x0000000748d00000, 0x0000000748d00000, 0x0000000748e00000|  0%| F|  |TAMS 0x0000000748d00000, 0x0000000748d00000| Untracked 
| 118|0x0000000748e00000, 0x0000000748e00000, 0x0000000748f00000|  0%| F|  |TAMS 0x0000000748e00000, 0x0000000748e00000| Untracked 
| 119|0x0000000748f00000, 0x0000000748f00000, 0x0000000749000000|  0%| F|  |TAMS 0x0000000748f00000, 0x0000000748f00000| Untracked 
| 120|0x0000000749000000, 0x0000000749000000, 0x0000000749100000|  0%| F|  |TAMS 0x0000000749000000, 0x0000000749000000| Untracked 
| 121|0x0000000749100000, 0x0000000749100000, 0x0000000749200000|  0%| F|  |TAMS 0x0000000749100000, 0x0000000749100000| Untracked 
| 122|0x0000000749200000, 0x0000000749200000, 0x0000000749300000|  0%| F|  |TAMS 0x0000000749200000, 0x0000000749200000| Untracked 
| 123|0x0000000749300000, 0x0000000749300000, 0x0000000749400000|  0%| F|  |TAMS 0x0000000749300000, 0x0000000749300000| Untracked 
| 124|0x0000000749400000, 0x0000000749400000, 0x0000000749500000|  0%| F|  |TAMS 0x0000000749400000, 0x0000000749400000| Untracked 
| 125|0x0000000749500000, 0x0000000749500000, 0x0000000749600000|  0%| F|  |TAMS 0x0000000749500000, 0x0000000749500000| Untracked 
| 126|0x0000000749600000, 0x0000000749600000, 0x0000000749700000|  0%| F|  |TAMS 0x0000000749600000, 0x0000000749600000| Untracked 
| 127|0x0000000749700000, 0x0000000749700000, 0x0000000749800000|  0%| F|  |TAMS 0x0000000749700000, 0x0000000749700000| Untracked 
| 128|0x0000000749800000, 0x0000000749800000, 0x0000000749900000|  0%| F|  |TAMS 0x0000000749800000, 0x0000000749800000| Untracked 
| 129|0x0000000749900000, 0x0000000749900000, 0x0000000749a00000|  0%| F|  |TAMS 0x0000000749900000, 0x0000000749900000| Untracked 
| 130|0x0000000749a00000, 0x0000000749a00000, 0x0000000749b00000|  0%| F|  |TAMS 0x0000000749a00000, 0x0000000749a00000| Untracked 
| 131|0x0000000749b00000, 0x0000000749b00000, 0x0000000749c00000|  0%| F|  |TAMS 0x0000000749b00000, 0x0000000749b00000| Untracked 
| 132|0x0000000749c00000, 0x0000000749c00000, 0x0000000749d00000|  0%| F|  |TAMS 0x0000000749c00000, 0x0000000749c00000| Untracked 
| 133|0x0000000749d00000, 0x0000000749d00000, 0x0000000749e00000|  0%| F|  |TAMS 0x0000000749d00000, 0x0000000749d00000| Untracked 
| 134|0x0000000749e00000, 0x0000000749e00000, 0x0000000749f00000|  0%| F|  |TAMS 0x0000000749e00000, 0x0000000749e00000| Untracked 
| 135|0x0000000749f00000, 0x0000000749f00000, 0x000000074a000000|  0%| F|  |TAMS 0x0000000749f00000, 0x0000000749f00000| Untracked 
| 136|0x000000074a000000, 0x000000074a000000, 0x000000074a100000|  0%| F|  |TAMS 0x000000074a000000, 0x000000074a000000| Untracked 
| 137|0x000000074a100000, 0x000000074a100000, 0x000000074a200000|  0%| F|  |TAMS 0x000000074a100000, 0x000000074a100000| Untracked 
| 138|0x000000074a200000, 0x000000074a200000, 0x000000074a300000|  0%| F|  |TAMS 0x000000074a200000, 0x000000074a200000| Untracked 
| 139|0x000000074a300000, 0x000000074a300000, 0x000000074a400000|  0%| F|  |TAMS 0x000000074a300000, 0x000000074a300000| Untracked 
| 140|0x000000074a400000, 0x000000074a400000, 0x000000074a500000|  0%| F|  |TAMS 0x000000074a400000, 0x000000074a400000| Untracked 
| 141|0x000000074a500000, 0x000000074a500000, 0x000000074a600000|  0%| F|  |TAMS 0x000000074a500000, 0x000000074a500000| Untracked 
| 142|0x000000074a600000, 0x000000074a600000, 0x000000074a700000|  0%| F|  |TAMS 0x000000074a600000, 0x000000074a600000| Untracked 
| 143|0x000000074a700000, 0x000000074a700000, 0x000000074a800000|  0%| F|  |TAMS 0x000000074a700000, 0x000000074a700000| Untracked 
| 144|0x000000074a800000, 0x000000074a800000, 0x000000074a900000|  0%| F|  |TAMS 0x000000074a800000, 0x000000074a800000| Untracked 
| 145|0x000000074a900000, 0x000000074a900000, 0x000000074aa00000|  0%| F|  |TAMS 0x000000074a900000, 0x000000074a900000| Untracked 
| 146|0x000000074aa00000, 0x000000074aa00000, 0x000000074ab00000|  0%| F|  |TAMS 0x000000074aa00000, 0x000000074aa00000| Untracked 
| 147|0x000000074ab00000, 0x000000074abe79f8, 0x000000074ac00000| 90%| S|CS|TAMS 0x000000074ab00000, 0x000000074ab00000| Complete 
| 148|0x000000074ac00000, 0x000000074ad00000, 0x000000074ad00000|100%| S|CS|TAMS 0x000000074ac00000, 0x000000074ac00000| Complete 
| 149|0x000000074ad00000, 0x000000074ae00000, 0x000000074ae00000|100%| S|CS|TAMS 0x000000074ad00000, 0x000000074ad00000| Complete 
| 150|0x000000074ae00000, 0x000000074af00000, 0x000000074af00000|100%| S|CS|TAMS 0x000000074ae00000, 0x000000074ae00000| Complete 
| 151|0x000000074af00000, 0x000000074b000000, 0x000000074b000000|100%| S|CS|TAMS 0x000000074af00000, 0x000000074af00000| Complete 
| 152|0x000000074b000000, 0x000000074b100000, 0x000000074b100000|100%| S|CS|TAMS 0x000000074b000000, 0x000000074b000000| Complete 
| 153|0x000000074b100000, 0x000000074b100000, 0x000000074b200000|  0%| F|  |TAMS 0x000000074b100000, 0x000000074b100000| Untracked 
| 154|0x000000074b200000, 0x000000074b200000, 0x000000074b300000|  0%| F|  |TAMS 0x000000074b200000, 0x000000074b200000| Untracked 
| 155|0x000000074b300000, 0x000000074b300000, 0x000000074b400000|  0%| F|  |TAMS 0x000000074b300000, 0x000000074b300000| Untracked 
| 156|0x000000074b400000, 0x000000074b400000, 0x000000074b500000|  0%| F|  |TAMS 0x000000074b400000, 0x000000074b400000| Untracked 
| 157|0x000000074b500000, 0x000000074b500000, 0x000000074b600000|  0%| F|  |TAMS 0x000000074b500000, 0x000000074b500000| Untracked 
| 158|0x000000074b600000, 0x000000074b600000, 0x000000074b700000|  0%| F|  |TAMS 0x000000074b600000, 0x000000074b600000| Untracked 
| 159|0x000000074b700000, 0x000000074b700000, 0x000000074b800000|  0%| F|  |TAMS 0x000000074b700000, 0x000000074b700000| Untracked 
| 160|0x000000074b800000, 0x000000074b800000, 0x000000074b900000|  0%| F|  |TAMS 0x000000074b800000, 0x000000074b800000| Untracked 
| 161|0x000000074b900000, 0x000000074b900000, 0x000000074ba00000|  0%| F|  |TAMS 0x000000074b900000, 0x000000074b900000| Untracked 
| 162|0x000000074ba00000, 0x000000074ba00000, 0x000000074bb00000|  0%| F|  |TAMS 0x000000074ba00000, 0x000000074ba00000| Untracked 
| 163|0x000000074bb00000, 0x000000074bb00000, 0x000000074bc00000|  0%| F|  |TAMS 0x000000074bb00000, 0x000000074bb00000| Untracked 
| 164|0x000000074bc00000, 0x000000074bc00000, 0x000000074bd00000|  0%| F|  |TAMS 0x000000074bc00000, 0x000000074bc00000| Untracked 
| 165|0x000000074bd00000, 0x000000074bd00000, 0x000000074be00000|  0%| F|  |TAMS 0x000000074bd00000, 0x000000074bd00000| Untracked 
| 166|0x000000074be00000, 0x000000074be00000, 0x000000074bf00000|  0%| F|  |TAMS 0x000000074be00000, 0x000000074be00000| Untracked 
| 167|0x000000074bf00000, 0x000000074bf00000, 0x000000074c000000|  0%| F|  |TAMS 0x000000074bf00000, 0x000000074bf00000| Untracked 
| 168|0x000000074c000000, 0x000000074c000000, 0x000000074c100000|  0%| F|  |TAMS 0x000000074c000000, 0x000000074c000000| Untracked 
| 169|0x000000074c100000, 0x000000074c100000, 0x000000074c200000|  0%| F|  |TAMS 0x000000074c100000, 0x000000074c100000| Untracked 
| 170|0x000000074c200000, 0x000000074c200000, 0x000000074c300000|  0%| F|  |TAMS 0x000000074c200000, 0x000000074c200000| Untracked 
| 171|0x000000074c300000, 0x000000074c300000, 0x000000074c400000|  0%| F|  |TAMS 0x000000074c300000, 0x000000074c300000| Untracked 
| 172|0x000000074c400000, 0x000000074c400000, 0x000000074c500000|  0%| F|  |TAMS 0x000000074c400000, 0x000000074c400000| Untracked 
| 173|0x000000074c500000, 0x000000074c500000, 0x000000074c600000|  0%| F|  |TAMS 0x000000074c500000, 0x000000074c500000| Untracked 
| 174|0x000000074c600000, 0x000000074c600000, 0x000000074c700000|  0%| F|  |TAMS 0x000000074c600000, 0x000000074c600000| Untracked 
| 175|0x000000074c700000, 0x000000074c700000, 0x000000074c800000|  0%| F|  |TAMS 0x000000074c700000, 0x000000074c700000| Untracked 
| 176|0x000000074c800000, 0x000000074c800000, 0x000000074c900000|  0%| F|  |TAMS 0x000000074c800000, 0x000000074c800000| Untracked 
| 177|0x000000074c900000, 0x000000074c900000, 0x000000074ca00000|  0%| F|  |TAMS 0x000000074c900000, 0x000000074c900000| Untracked 
| 178|0x000000074ca00000, 0x000000074ca00000, 0x000000074cb00000|  0%| F|  |TAMS 0x000000074ca00000, 0x000000074ca00000| Untracked 
| 179|0x000000074cb00000, 0x000000074cb00000, 0x000000074cc00000|  0%| F|  |TAMS 0x000000074cb00000, 0x000000074cb00000| Untracked 
| 180|0x000000074cc00000, 0x000000074cc00000, 0x000000074cd00000|  0%| F|  |TAMS 0x000000074cc00000, 0x000000074cc00000| Untracked 
| 181|0x000000074cd00000, 0x000000074cd00000, 0x000000074ce00000|  0%| F|  |TAMS 0x000000074cd00000, 0x000000074cd00000| Untracked 
| 182|0x000000074ce00000, 0x000000074ce00000, 0x000000074cf00000|  0%| F|  |TAMS 0x000000074ce00000, 0x000000074ce00000| Untracked 
| 183|0x000000074cf00000, 0x000000074cf00000, 0x000000074d000000|  0%| F|  |TAMS 0x000000074cf00000, 0x000000074cf00000| Untracked 
| 184|0x000000074d000000, 0x000000074d000000, 0x000000074d100000|  0%| F|  |TAMS 0x000000074d000000, 0x000000074d000000| Untracked 
| 185|0x000000074d100000, 0x000000074d100000, 0x000000074d200000|  0%| F|  |TAMS 0x000000074d100000, 0x000000074d100000| Untracked 
| 186|0x000000074d200000, 0x000000074d200000, 0x000000074d300000|  0%| F|  |TAMS 0x000000074d200000, 0x000000074d200000| Untracked 
| 187|0x000000074d300000, 0x000000074d3827f8, 0x000000074d400000| 50%| E|  |TAMS 0x000000074d300000, 0x000000074d300000| Complete 
| 188|0x000000074d400000, 0x000000074d500000, 0x000000074d500000|100%| E|CS|TAMS 0x000000074d400000, 0x000000074d400000| Complete 
| 189|0x000000074d500000, 0x000000074d600000, 0x000000074d600000|100%| E|CS|TAMS 0x000000074d500000, 0x000000074d500000| Complete 
| 190|0x000000074d600000, 0x000000074d700000, 0x000000074d700000|100%| E|CS|TAMS 0x000000074d600000, 0x000000074d600000| Complete 
| 191|0x000000074d700000, 0x000000074d800000, 0x000000074d800000|100%| E|CS|TAMS 0x000000074d700000, 0x000000074d700000| Complete 

Card table byte_map: [0x0000023c64420000,0x0000023c64a20000] _byte_map_base: 0x0000023c60a14000

Marking Bits (Prev, Next): (CMBitMap*) 0x0000023c508ecaa0, (CMBitMap*) 0x0000023c508eca68
 Prev Bits: [0x0000023c67fc0000, 0x0000023c6af60000)
 Next Bits: [0x0000023c65020000, 0x0000023c67fc0000)

Polling page: 0x0000023c4efd0000

Metaspace:

Usage:
  Non-class:     19.48 MB capacity,    19.34 MB (>99%) used,   120.42 KB ( <1%) free+waste,    28.44 KB ( <1%) overhead. 
      Class:      2.43 MB capacity,     2.35 MB ( 97%) used,    72.73 KB (  3%) free+waste,    13.00 KB ( <1%) overhead. 
       Both:     21.92 MB capacity,    21.69 MB ( 99%) used,   193.16 KB ( <1%) free+waste,    41.44 KB ( <1%) overhead. 

Virtual space:
  Non-class space:       28.00 MB reserved,      19.67 MB ( 70%) committed 
      Class space:        1.00 GB reserved,       2.50 MB ( <1%) committed 
             Both:        1.03 GB reserved,      22.17 MB (  2%) committed 

Chunk freelists:
   Non-Class:  64.00 KB
       Class:  6.00 KB
        Both:  70.00 KB

MaxMetaspaceSize: 17179869184.00 GB
CompressedClassSpaceSize: 1.00 GB

CodeHeap 'non-profiled nmethods': size=120000Kb used=504Kb max_used=504Kb free=119495Kb
 bounds [0x0000023c5be80000, 0x0000023c5c0f0000, 0x0000023c633b0000]
CodeHeap 'profiled nmethods': size=120000Kb used=3167Kb max_used=3167Kb free=116833Kb
 bounds [0x0000023c54950000, 0x0000023c54c70000, 0x0000023c5be80000]
CodeHeap 'non-nmethods': size=5760Kb used=1139Kb max_used=1153Kb free=4620Kb
 bounds [0x0000023c543b0000, 0x0000023c54620000, 0x0000023c54950000]
 total_blobs=2134 nmethods=1677 adapters=368
 compilation: enabled
              stopped_count=0, restarted_count=0
 full_count=0

Compilation events (20 events):
Event: 2.515 Thread 0x0000023c6e344800 nmethod 1642 0x0000023c5befb690 code [0x0000023c5befb860, 0x0000023c5befbf88]
Event: 2.515 Thread 0x0000023c6e344800 1644   !   4       java.util.WeakHashMap::expungeStaleEntries (139 bytes)
Event: 2.517 Thread 0x0000023c6e347000 1645       3       java.io.DataOutputStream::writeInt (65 bytes)
Event: 2.517 Thread 0x0000023c6e347000 nmethod 1645 0x0000023c54c57810 code [0x0000023c54c57a00, 0x0000023c54c57f58]
Event: 2.540 Thread 0x0000023c6e344800 nmethod 1644 0x0000023c5befc390 code [0x0000023c5befc560, 0x0000023c5befd0f8]
Event: 2.560 Thread 0x0000023c6e347000 1646       3       java.lang.invoke.MethodHandles$Lookup::isClassAccessible (32 bytes)
Event: 2.561 Thread 0x0000023c6e347000 nmethod 1646 0x0000023c54c58110 code [0x0000023c54c58300, 0x0000023c54c586f8]
Event: 2.561 Thread 0x0000023c6e347000 1648       3       jdk.internal.org.objectweb.asm.Type::getDescriptor (87 bytes)
Event: 2.562 Thread 0x0000023c6e347000 nmethod 1648 0x0000023c54c58890 code [0x0000023c54c58ac0, 0x0000023c54c58fc8]
Event: 2.562 Thread 0x0000023c6e347000 1649       3       jdk.internal.org.objectweb.asm.Type::getDescriptor (18 bytes)
Event: 2.563 Thread 0x0000023c6e347000 nmethod 1649 0x0000023c54c59210 code [0x0000023c54c59440, 0x0000023c54c59ab8]
Event: 2.564 Thread 0x0000023c6e347000 1651       3       java.lang.invoke.MemberName::getInvocationType (56 bytes)
Event: 2.564 Thread 0x0000023c6e347000 nmethod 1651 0x0000023c54c59d10 code [0x0000023c54c59f40, 0x0000023c54c5a848]
Event: 2.569 Thread 0x0000023c6e347000 1654       3       sun.invoke.util.BytecodeDescriptor::unparse (37 bytes)
Event: 2.569 Thread 0x0000023c6e347000 nmethod 1654 0x0000023c54c5ab10 code [0x0000023c54c5ad40, 0x0000023c54c5b458]
Event: 2.569 Thread 0x0000023c6e347000 1655       3       java.util.Arrays::hashCode (56 bytes)
Event: 2.570 Thread 0x0000023c6e347000 nmethod 1655 0x0000023c54c5b690 code [0x0000023c54c5b860, 0x0000023c54c5bba8]
Event: 2.570 Thread 0x0000023c6e347000 1656       3       java.lang.invoke.MethodTypeForm::cachedLambdaForm (44 bytes)
Event: 2.571 Thread 0x0000023c6e347000 nmethod 1656 0x0000023c54c5bd10 code [0x0000023c54c5bee0, 0x0000023c54c5c248]
Event: 2.576 Thread 0x0000023c6e344800 1657   !   4       java.util.zip.InflaterInputStream::read (138 bytes)

GC Heap History (4 events):
Event: 1.100 GC heap before
{Heap before GC invocations=0 (full 0):
 garbage-first heap   total 196608K, used 27648K [0x0000000741800000, 0x0000000800000000)
  region size 1024K, 24 young (24576K), 0 survivors (0K)
 Metaspace       used 12363K, capacity 12504K, committed 12800K, reserved 1060864K
  class space    used 1167K, capacity 1207K, committed 1280K, reserved 1048576K
}
Event: 1.105 GC heap after
{Heap after GC invocations=1 (full 0):
 garbage-first heap   total 196608K, used 5737K [0x0000000741800000, 0x0000000800000000)
  region size 1024K, 3 young (3072K), 3 survivors (3072K)
 Metaspace       used 12363K, capacity 12504K, committed 12800K, reserved 1060864K
  class space    used 1167K, capacity 1207K, committed 1280K, reserved 1048576K
}
Event: 2.455 GC heap before
{Heap before GC invocations=1 (full 0):
 garbage-first heap   total 196608K, used 41577K [0x0000000741800000, 0x0000000800000000)
  region size 1024K, 39 young (39936K), 3 survivors (3072K)
 Metaspace       used 20901K, capacity 21087K, committed 21296K, reserved 1075200K
  class space    used 2220K, capacity 2312K, committed 2432K, reserved 1048576K
}
Event: 2.471 GC heap after
{Heap after GC invocations=2 (full 0):
 garbage-first heap   total 196608K, used 9118K [0x0000000741800000, 0x0000000800000000)
  region size 1024K, 6 young (6144K), 6 survivors (6144K)
 Metaspace       used 20901K, capacity 21087K, committed 21296K, reserved 1075200K
  class space    used 2220K, capacity 2312K, committed 2432K, reserved 1048576K
}

Deoptimization events (20 events):
Event: 1.524 Thread 0x0000023c5089c000 Uncommon trap: trap_request=0xffffffc6 fr.pc=0x0000023c5beb49f4 relative=0x0000000000000394
Event: 1.524 Thread 0x0000023c5089c000 Uncommon trap: reason=bimorphic_or_optimized_type_check action=maybe_recompile pc=0x0000023c5beb49f4 method=java.util.HashMap.getNode(ILjava/lang/Object;)Ljava/util/HashMap$Node; @ 126 c2
Event: 1.524 Thread 0x0000023c5089c000 DEOPT PACKING pc=0x0000023c5beb49f4 sp=0x00000054b10fca40
Event: 1.525 Thread 0x0000023c5089c000 DEOPT UNPACKING pc=0x0000023c543d68af sp=0x00000054b10fc9b8 mode 2
Event: 1.525 Thread 0x0000023c5089c000 Uncommon trap: trap_request=0xffffffc6 fr.pc=0x0000023c5beb49f4 relative=0x0000000000000394
Event: 1.525 Thread 0x0000023c5089c000 Uncommon trap: reason=bimorphic_or_optimized_type_check action=maybe_recompile pc=0x0000023c5beb49f4 method=java.util.HashMap.getNode(ILjava/lang/Object;)Ljava/util/HashMap$Node; @ 126 c2
Event: 1.525 Thread 0x0000023c5089c000 DEOPT PACKING pc=0x0000023c5beb49f4 sp=0x00000054b10fcb80
Event: 1.525 Thread 0x0000023c5089c000 DEOPT UNPACKING pc=0x0000023c543d68af sp=0x00000054b10fcaf8 mode 2
Event: 1.546 Thread 0x0000023c5089c000 Uncommon trap: trap_request=0xffffffc6 fr.pc=0x0000023c5beb49f4 relative=0x0000000000000394
Event: 1.546 Thread 0x0000023c5089c000 Uncommon trap: reason=bimorphic_or_optimized_type_check action=maybe_recompile pc=0x0000023c5beb49f4 method=java.util.HashMap.getNode(ILjava/lang/Object;)Ljava/util/HashMap$Node; @ 126 c2
Event: 1.546 Thread 0x0000023c5089c000 DEOPT PACKING pc=0x0000023c5beb49f4 sp=0x00000054b10fcb90
Event: 1.546 Thread 0x0000023c5089c000 DEOPT UNPACKING pc=0x0000023c543d68af sp=0x00000054b10fcb08 mode 2
Event: 1.805 Thread 0x0000023c5089c000 Uncommon trap: trap_request=0xffffff4d fr.pc=0x0000023c5bea3874 relative=0x0000000000000234
Event: 1.805 Thread 0x0000023c5089c000 Uncommon trap: reason=unstable_if action=reinterpret pc=0x0000023c5bea3874 method=java.lang.String.startsWith(Ljava/lang/String;I)Z @ 14 c2
Event: 1.805 Thread 0x0000023c5089c000 DEOPT PACKING pc=0x0000023c5bea3874 sp=0x00000054b10ff160
Event: 1.805 Thread 0x0000023c5089c000 DEOPT UNPACKING pc=0x0000023c543d68af sp=0x00000054b10ff0c8 mode 2
Event: 1.899 Thread 0x0000023c5089c000 Uncommon trap: trap_request=0xffffff4d fr.pc=0x0000023c5bebb5a0 relative=0x00000000000000e0
Event: 1.899 Thread 0x0000023c5089c000 Uncommon trap: reason=unstable_if action=reinterpret pc=0x0000023c5bebb5a0 method=java.lang.Integer.valueOf(I)Ljava/lang/Integer; @ 3 c2
Event: 1.899 Thread 0x0000023c5089c000 DEOPT PACKING pc=0x0000023c5bebb5a0 sp=0x00000054b10fd260
Event: 1.899 Thread 0x0000023c5089c000 DEOPT UNPACKING pc=0x0000023c543d68af sp=0x00000054b10fd1f8 mode 2

Classes redefined (0 events):
No events

Internal exceptions (16 events):
Event: 1.853 Thread 0x0000023c5089c000 Exception <a 'java/lang/NoSuchMethodError'{0x000000074c46b158}: 'int java.lang.invoke.DelegatingMethodHandle$Holder.reinvoke_L(java.lang.Object, java.lang.Object, java.lang.Object, long, int, int)'> (0x000000074c46b158) thrown at [./src/hotspot/share/interpreter/linkResolver.cpp, line 773]
Event: 1.860 Thread 0x0000023c5089c000 Exception <a 'java/lang/NoSuchMethodError'{0x000000074c478ae0}: 'int java.lang.invoke.DelegatingMethodHandle$Holder.reinvoke_L(java.lang.Object, java.lang.Object, java.lang.Object, long, long, long)'> (0x000000074c478ae0) thrown at [./src/hotspot/share/interpreter/linkResolver.cpp, line 773]
Event: 1.864 Thread 0x0000023c5089c000 Exception <a 'java/lang/NoSuchMethodError'{0x000000074c485ee0}: 'int java.lang.invoke.DelegatingMethodHandle$Holder.reinvoke_L(java.lang.Object, java.lang.Object, java.lang.Object, long, java.lang.Object, java.lang.Object)'> (0x000000074c485ee0) thrown at [./src/hotspot/share/interpreter/linkResolver.cpp, line 773]
Event: 1.866 Thread 0x0000023c5089c000 Exception <a 'java/lang/NoSuchMethodError'{0x000000074c493348}: 'void java.lang.invoke.DelegatingMethodHandle$Holder.reinvoke_L(java.lang.Object, java.lang.Object, java.lang.Object, long, java.lang.Object)'> (0x000000074c493348) thrown at [./src/hotspot/share/interpreter/linkResolver.cpp, line 773]
Event: 1.868 Thread 0x0000023c5089c000 Exception <a 'java/lang/NoSuchMethodError'{0x000000074c49cbc8}: 'java.lang.Object java.lang.invoke.DirectMethodHandle$Holder.invokeSpecial(java.lang.Object, java.lang.Object, java.lang.Object, java.lang.Object, long)'> (0x000000074c49cbc8) thrown at [./src/hotspot/share/interpreter/linkResolver.cpp, line 773]
Event: 1.868 Thread 0x0000023c5089c000 Exception <a 'java/lang/NoSuchMethodError'{0x000000074c4a0120}: 'java.lang.Object java.lang.invoke.DelegatingMethodHandle$Holder.reinvoke_L(java.lang.Object, java.lang.Object, java.lang.Object, long)'> (0x000000074c4a0120) thrown at [./src/hotspot/share/interpreter/linkResolver.cpp, line 773]
Event: 1.876 Thread 0x0000023c5089c000 Exception <a 'java/lang/NoSuchMethodError'{0x000000074c4ba5a0}: 'long java.lang.invoke.Invokers$Holder.invoke_MT(java.lang.Object, java.lang.Object, java.lang.Object, java.lang.Object)'> (0x000000074c4ba5a0) thrown at [./src/hotspot/share/interpreter/linkResolver.cpp, line 773]
Event: 1.877 Thread 0x0000023c5089c000 Exception <a 'java/lang/NoSuchMethodError'{0x000000074c4bdc20}: 'long java.lang.invoke.DelegatingMethodHandle$Holder.reinvoke_L(java.lang.Object, java.lang.Object, java.lang.Object)'> (0x000000074c4bdc20) thrown at [./src/hotspot/share/interpreter/linkResolver.cpp, line 773]
Event: 1.880 Thread 0x0000023c5089c000 Exception <a 'java/lang/NoSuchMethodError'{0x000000074c4c78e0}: 'int java.lang.invoke.DirectMethodHandle$Holder.invokeSpecial(java.lang.Object, java.lang.Object, java.lang.Object, java.lang.Object)'> (0x000000074c4c78e0) thrown at [./src/hotspot/share/interpreter/linkResolver.cpp, line 773]
Event: 1.883 Thread 0x0000023c5089c000 Exception <a 'java/lang/NoSuchMethodError'{0x000000074c4d66c0}: 'int java.lang.invoke.DelegatingMethodHandle$Holder.reinvoke_L(java.lang.Object, java.lang.Object, java.lang.Object, long, int)'> (0x000000074c4d66c0) thrown at [./src/hotspot/share/interpreter/linkResolver.cpp, line 773]
Event: 2.114 Thread 0x0000023c5089c000 Exception <a 'java/lang/NoSuchMethodError'{0x000000074bc3dc68}: 'int java.lang.invoke.DirectMethodHandle$Holder.invokeSpecialIFC(java.lang.Object, java.lang.Object, int)'> (0x000000074bc3dc68) thrown at [./src/hotspot/share/interpreter/linkResolver.cpp, line 773]
Event: 2.355 Thread 0x0000023c5089c000 Exception <a 'java/lang/NoSuchMethodError'{0x000000074b548da0}: 'java.lang.Object java.lang.invoke.DirectMethodHandle$Holder.invokeStaticInit(java.lang.Object, int)'> (0x000000074b548da0) thrown at [./src/hotspot/share/interpreter/linkResolver.cpp, line 773]
Event: 2.409 Thread 0x0000023c5089c000 Exception <a 'java/lang/NoSuchMethodError'{0x000000074b30f228}: 'long java.lang.invoke.DirectMethodHandle$Holder.invokeStatic(java.lang.Object)'> (0x000000074b30f228) thrown at [./src/hotspot/share/interpreter/linkResolver.cpp, line 773]
Event: 2.409 Thread 0x0000023c5089c000 Exception <a 'java/lang/NoSuchMethodError'{0x000000074b312080}: 'long java.lang.invoke.DirectMethodHandle$Holder.invokeStaticInit(java.lang.Object)'> (0x000000074b312080) thrown at [./src/hotspot/share/interpreter/linkResolver.cpp, line 773]
Event: 2.561 Thread 0x0000023c5089c000 Exception <a 'java/lang/NoSuchMethodError'{0x000000074d6ab498}: 'int java.lang.invoke.DirectMethodHandle$Holder.invokeStaticInit(java.lang.Object, java.lang.Object, java.lang.Object)'> (0x000000074d6ab498) thrown at [./src/hotspot/share/interpreter/linkResolver.cpp, line 773]
Event: 2.569 Thread 0x0000023c5089c000 Exception <a 'java/lang/NoSuchMethodError'{0x000000074d6d6c78}: 'int java.lang.invoke.DirectMethodHandle$Holder.invokeStaticInit(java.lang.Object, java.lang.Object)'> (0x000000074d6d6c78) thrown at [./src/hotspot/share/interpreter/linkResolver.cpp, line 773]

Events (20 events):
Event: 2.585 loading class org/jetbrains/kotlin/com/intellij/lexer/DelegateLexer
Event: 2.585 loading class org/jetbrains/kotlin/com/intellij/lexer/DelegateLexer done
Event: 2.585 loading class org/jetbrains/kotlin/com/intellij/lang/java/lexer/JavaLexer
Event: 2.585 loading class org/jetbrains/kotlin/com/intellij/lang/java/lexer/JavaLexer done
Event: 2.586 loading class org/jetbrains/kotlin/com/intellij/openapi/util/AtomicClearableLazyValue
Event: 2.586 loading class org/jetbrains/kotlin/com/intellij/openapi/util/AtomicClearableLazyValue done
Event: 2.586 loading class org/jetbrains/kotlin/com/intellij/openapi/util/ClearableLazyValue
Event: 2.586 loading class org/jetbrains/kotlin/com/intellij/openapi/util/ClearableLazyValue done
Event: 2.587 loading class org/jetbrains/kotlin/com/intellij/psi/tree/IStubFileElementType$1
Event: 2.587 loading class org/jetbrains/kotlin/com/intellij/psi/tree/IStubFileElementType$1 done
Event: 2.587 loading class org/jetbrains/kotlin/com/intellij/psi/stubs/Stub
Event: 2.587 loading class org/jetbrains/kotlin/com/intellij/psi/stubs/Stub done
Event: 2.587 loading class org/jetbrains/kotlin/com/intellij/psi/stubs/PsiFileStub
Event: 2.587 loading class org/jetbrains/kotlin/com/intellij/psi/stubs/PsiFileStub done
Event: 2.587 loading class org/jetbrains/kotlin/com/intellij/psi/stubs/StubElement
Event: 2.587 loading class org/jetbrains/kotlin/com/intellij/psi/stubs/StubElement done
Event: 2.588 loading class org/jetbrains/kotlin/com/intellij/psi/StubBuilder
Event: 2.588 loading class org/jetbrains/kotlin/com/intellij/psi/StubBuilder done
Event: 2.589 loading class org/jetbrains/kotlin/com/intellij/psi/impl/java/stubs/PsiJavaFileStub
Event: 2.589 loading class org/jetbrains/kotlin/com/intellij/psi/impl/java/stubs/PsiJavaFileStub done


Dynamic libraries:
0x00007ff73c800000 - 0x00007ff73c80a000 	C:\Program Files\Android\Android Studio\jre\bin\java.exe
0x00007ff80a7d0000 - 0x00007ff80a9c5000 	C:\WINDOWS\SYSTEM32\ntdll.dll
0x00007ff808ff0000 - 0x00007ff8090ae000 	C:\WINDOWS\System32\KERNEL32.DLL
0x00007ff808050000 - 0x00007ff808318000 	C:\WINDOWS\System32\KERNELBASE.dll
0x00007ff8084c0000 - 0x00007ff8085c0000 	C:\WINDOWS\System32\ucrtbase.dll
0x00007fffecda0000 - 0x00007fffecdb9000 	C:\Program Files\Android\Android Studio\jre\bin\jli.dll
0x00007fffec3c0000 - 0x00007fffec3d7000 	C:\Program Files\Android\Android Studio\jre\bin\VCRUNTIME140.dll
0x00007ff809540000 - 0x00007ff8096e0000 	C:\WINDOWS\System32\USER32.dll
0x00007ff8088f0000 - 0x00007ff808912000 	C:\WINDOWS\System32\win32u.dll
0x00007ff808df0000 - 0x00007ff808e1a000 	C:\WINDOWS\System32\GDI32.dll
0x00007ff808750000 - 0x00007ff80885b000 	C:\WINDOWS\System32\gdi32full.dll
0x00007ff808370000 - 0x00007ff80840d000 	C:\WINDOWS\System32\msvcp_win.dll
0x00007ffff0a00000 - 0x00007ffff0c9a000 	C:\WINDOWS\WinSxS\amd64_microsoft.windows.common-controls_6595b64144ccf1df_6.0.19041.1110_none_60b5254171f9507e\COMCTL32.dll
0x00007ff80a580000 - 0x00007ff80a61e000 	C:\WINDOWS\System32\msvcrt.dll
0x00007ff80a700000 - 0x00007ff80a730000 	C:\WINDOWS\System32\IMM32.DLL
0x00007fffe4120000 - 0x00007fffe41bd000 	C:\Program Files\Android\Android Studio\jre\bin\msvcp140.dll
0x00007fffc6ec0000 - 0x00007fffc7995000 	C:\Program Files\Android\Android Studio\jre\bin\server\jvm.dll
0x00007ff809760000 - 0x00007ff80980e000 	C:\WINDOWS\System32\ADVAPI32.dll
0x00007ff8090b0000 - 0x00007ff80914c000 	C:\WINDOWS\System32\sechost.dll
0x00007ff80a450000 - 0x00007ff80a575000 	C:\WINDOWS\System32\RPCRT4.dll
0x00007ff808eb0000 - 0x00007ff808eb8000 	C:\WINDOWS\System32\PSAPI.DLL
0x00007ffff2370000 - 0x00007ffff2379000 	C:\WINDOWS\SYSTEM32\WSOCK32.dll
0x00007ff801980000 - 0x00007ff80198a000 	C:\WINDOWS\SYSTEM32\VERSION.dll
0x00007ffffaf50000 - 0x00007ffffaf77000 	C:\WINDOWS\SYSTEM32\WINMM.dll
0x00007ff809810000 - 0x00007ff80987b000 	C:\WINDOWS\System32\WS2_32.dll
0x00007ff806870000 - 0x00007ff806882000 	C:\WINDOWS\SYSTEM32\kernel.appcore.dll
0x00007ff802bf0000 - 0x00007ff802c01000 	C:\Program Files\Android\Android Studio\jre\bin\verify.dll
0x00007ff805dd0000 - 0x00007ff805fb4000 	C:\WINDOWS\SYSTEM32\DBGHELP.DLL
0x00007fffffc80000 - 0x00007fffffcac000 	C:\WINDOWS\SYSTEM32\dbgcore.DLL
0x00007ff808860000 - 0x00007ff8088e2000 	C:\WINDOWS\System32\bcryptPrimitives.dll
0x00007ff800e90000 - 0x00007ff800eb9000 	C:\Program Files\Android\Android Studio\jre\bin\java.dll
0x00007ff802be0000 - 0x00007ff802beb000 	C:\Program Files\Android\Android Studio\jre\bin\jimage.dll
0x00007ff801940000 - 0x00007ff801958000 	C:\Program Files\Android\Android Studio\jre\bin\zip.dll
0x00007ff809d00000 - 0x00007ff80a444000 	C:\WINDOWS\System32\SHELL32.dll
0x00007ff8060c0000 - 0x00007ff806854000 	C:\WINDOWS\SYSTEM32\windows.storage.dll
0x00007ff809880000 - 0x00007ff809bd4000 	C:\WINDOWS\System32\combase.dll
0x00007ff807a50000 - 0x00007ff807a7c000 	C:\WINDOWS\SYSTEM32\Wldp.dll
0x00007ff8093b0000 - 0x00007ff80945d000 	C:\WINDOWS\System32\SHCORE.dll
0x00007ff80a730000 - 0x00007ff80a785000 	C:\WINDOWS\System32\shlwapi.dll
0x00007ff807f20000 - 0x00007ff807f3f000 	C:\WINDOWS\SYSTEM32\profapi.dll
0x00007ff8014c0000 - 0x00007ff8014da000 	C:\Program Files\Android\Android Studio\jre\bin\net.dll
0x00007ffffe600000 - 0x00007ffffe70a000 	C:\WINDOWS\SYSTEM32\WINHTTP.dll
0x00007ff8077b0000 - 0x00007ff80781a000 	C:\WINDOWS\system32\mswsock.dll
0x00007ff800e70000 - 0x00007ff800e84000 	C:\Program Files\Android\Android Studio\jre\bin\nio.dll

dbghelp: loaded successfully - version: 4.0.5 - missing functions: none
symbol engine: initialized successfully - sym options: 0x614 - pdb path: .;C:\Program Files\Android\Android Studio\jre\bin;C:\WINDOWS\SYSTEM32;C:\WINDOWS\WinSxS\amd64_microsoft.windows.common-controls_6595b64144ccf1df_6.0.19041.1110_none_60b5254171f9507e;C:\Program Files\Android\Android Studio\jre\bin\server

VM Arguments:
java_command: org.jetbrains.kotlin.cli.jvm.K2JVMCompiler @C:\Users\slava\desktop\SimpleCalculator\app\build\20220421_793712310348297987.compiler.options
java_class_path (initial): C:\Users\slava\.gradle\caches\modules-2\files-2.1\org.jetbrains.kotlin\kotlin-compiler-embeddable\1.6.10\88f2073f4020cdb83132cfe940ceb9a60aba54ea\kotlin-compiler-embeddable-1.6.10.jar;C:\Users\slava\.gradle\caches\modules-2\files-2.1\org.jetbrains.kotlin\kotlin-reflect\1.6.10\1cbe9c92c12a94eea200d23c2bbaedaf3daf5132\kotlin-reflect-1.6.10.jar;C:\Users\slava\.gradle\caches\modules-2\files-2.1\org.jetbrains.kotlin\kotlin-stdlib\1.6.10\b8af3fe6f1ca88526914929add63cf5e7c5049af\kotlin-stdlib-1.6.10.jar;C:\Users\slava\.gradle\caches\modules-2\files-2.1\org.jetbrains.kotlin\kotlin-script-runtime\1.6.10\d0a7ff2e2500ef497ed0214ae40ad3c8387a6164\kotlin-script-runtime-1.6.10.jar;C:\Users\slava\.gradle\caches\modules-2\files-2.1\org.jetbrains.kotlin\kotlin-daemon-embeddable\1.6.10\a56d79bcbea411fa6058e4ecffc2de73e742bd2a\kotlin-daemon-embeddable-1.6.10.jar;C:\Users\slava\.gradle\caches\modules-2\files-2.1\org.jetbrains.intellij.deps\trove4j\1.0.20181211\216c2e14b070f334479d800987affe4054cd563f\trove4j-1.0.20181211.jar;C:\Users\slava\.gradle\caches\modules-2\files-2.1\net.java.dev.jna\jna\5.6.0\330f2244e9030119ab3030fc3fededc86713d9cc\jna-5.6.0.jar;C:\Users\slava\.gradle\caches\modules-2\files-2.1\org.jetbrains\annotations\13.0\919f0dfe192fb4e063e7dacadee7f8bb9a2672a9\annotations-13.0.jar;C:\Users\slava\.gradle\caches\modules-2\files-2.1\org.jetbrains.kotlin\kotlin-stdlib-common\1.6.10\c118700e3a33c8a0d9adc920e9dec0831171925\kotlin-stdlib-common-1.6.10.jar
Launcher Type: SUN_STANDARD

[Global flags]
     intx CICompilerCount                          = 4                                         {product} {ergonomic}
     uint ConcGCThreads                            = 2                                         {product} {ergonomic}
     uint G1ConcRefinementThreads                  = 8                                         {product} {ergonomic}
   size_t G1HeapRegionSize                         = 1048576                                   {product} {ergonomic}
    uintx GCDrainStackTargetSize                   = 64                                        {product} {ergonomic}
   size_t InitialHeapSize                          = 201326592                                 {product} {ergonomic}
   size_t MarkStackSize                            = 4194304                                   {product} {ergonomic}
   size_t MaxHeapSize                              = 3196059648                                {product} {ergonomic}
   size_t MaxNewSize                               = 1916796928                                {product} {ergonomic}
   size_t MinHeapDeltaBytes                        = 1048576                                   {product} {ergonomic}
    uintx NonNMethodCodeHeapSize                   = 5836300                                {pd product} {ergonomic}
    uintx NonProfiledCodeHeapSize                  = 122910970                              {pd product} {ergonomic}
    uintx ProfiledCodeHeapSize                     = 122910970                              {pd product} {ergonomic}
    uintx ReservedCodeCacheSize                    = 251658240                              {pd product} {ergonomic}
     bool SegmentedCodeCache                       = true                                      {product} {ergonomic}
     bool UseCompressedClassPointers               = true                                 {lp64_product} {ergonomic}
     bool UseCompressedOops                        = true                                 {lp64_product} {ergonomic}
     bool UseG1GC                                  = true                                      {product} {ergonomic}
     bool UseLargePagesIndividualAllocation        = false                                  {pd product} {ergonomic}

Logging:
Log output configuration:
 #0: stdout all=warning uptime,level,tags
 #1: stderr all=off uptime,level,tags

Environment Variables:
PATH=C:\Program Files\Python310\Scripts\;C:\Program Files\Python310\;C:\Program Files (x86)\Intel\iCLS Client\;C:\Program Files\Intel\iCLS Client\;C:\Windows\system32;C:\Windows;C:\Windows\System32\Wbem;C:\Windows\System32\WindowsPowerShell\v1.0\;C:\Program Files (x86)\Intel\Intel(R) Management Engine Components\DAL;C:\Program Files\Intel\Intel(R) Management Engine Components\DAL;C:\Program Files (x86)\Intel\Intel(R) Management Engine Components\IPT;C:\Program Files\Intel\Intel(R) Management Engine Components\IPT;C:\Program Files (x86)\NVIDIA Corporation\PhysX\Common;C:\Program Files\Intel\WiFi\bin\;C:\Program Files\Common Files\Intel\WirelessCommon\;C:\WINDOWS\system32;C:\WINDOWS;C:\WINDOWS\System32\Wbem;C:\WINDOWS\System32\WindowsPowerShell\v1.0\;C:\WINDOWS\System32\OpenSSH\;C:\Program Files (x86)\Common Files\Acronis\VirtualFile\;C:\Program Files (x86)\Common Files\Acronis\VirtualFile64\;C:\Program Files (x86)\Common Files\Acronis\FileProtector\;C:\Program Files (x86)\Common Files\Acronis\FileProtector64\;C:\Program Files (x86)\Common Files\Acronis\SnapAPI\;C:\Program Files\Git\cmd;C:\Users\slava\.jdks\openjdk-15\bin;C:\Users\slava\.jdks\javafx-sdk-16\bin;C:\Program Files\Java\jdk-16.0.1\bin;C:\Users\slava\AppData\Local\Microsoft\WindowsApps;%PyCharm%;%WebStorm%;%IntelliJ IDEA%;C:\Users\slava\AppData\Local\FACEITApp\bin;%IntelliJ IDEA Community Edition%;C:\Program Files\JetBrains\PyCharm Community Edition 2021.3.3\bin;
USERNAME=slava
OS=Windows_NT
PROCESSOR_IDENTIFIER=Intel64 Family 6 Model 94 Stepping 3, GenuineIntel



---------------  S Y S T E M  ---------------

OS: Windows 10 , 64 bit Build 19041 (10.0.19041.1645)
OS uptime: 4 days 23:00 hours

CPU:total 8 (initial active 8) (4 cores per cpu, 2 threads per core) family 6 model 94 stepping 3 microcode 0xcc, cmov, cx8, fxsr, mmx, sse, sse2, sse3, ssse3, sse4.1, sse4.2, popcnt, avx, avx2, aes, clmul, erms, rtm, 3dnowpref, lzcnt, ht, tsc, tscinvbit, bmi1, bmi2, adx, fma

Memory: 4k page, system-wide physical 12186M (1702M free)
TotalPageFile size 12186M (AvailPageFile size 490M)
current process WorkingSet (physical memory assigned to process): 118M, peak: 118M
current process commit charge ("private bytes"): 300M, peak: 300M

vm_info: OpenJDK 64-Bit Server VM (11.0.11+9-b60-7590822) for windows-amd64 JRE (11.0.11+9-b60-7590822), built on Jul 29 2021 21:43:44 by "builder" with MS VC++ 14.0 (VS2015)

END.
